<?xml version="1.0" encoding="UTF-8"?>
<testsuite name="TestSuite" time="274.059" tests="10" errors="0" skipped="0" failures="2">
  <properties>
[...]
</properties>
  <testcase name="xTest" classname="demo.test.onlinerLoginTest" time="20.27"/>
  <testcase name="xTest" classname="demo.test.onlinerCatalogSearchTest" time="45.644">
    <failure type="java.lang.NullPointerException:">java.lang.NullPointerException: null
	at webdriver.elements.BaseElement.waitForIsElementPresent(BaseElement.java:181)
	at webdriver.elements.BaseElement.getText(BaseElement.java:253)
	at demo.test.forms.onlinerMainForm.searchAssertCatalog(onlinerMainForm.java:218)
	at demo.test.onlinerCatalogSearchTest.runTest(onlinerCatalogSearchTest.java:26)
</failure>
    <system-out><![CDATA[19:50:37,570  INFO - driver.quit...
19:50:41,484  INFO - browser driver was constructed
19:50:41,484  INFO - Browser 'firefox' ready...
19:50:41,531  INFO - --------------------------------------------------------------------------------------------
19:50:41,532  INFO - =====================  Test case: 'demo.test.onlinerCatalogSearchTest' =====================
19:50:41,532  INFO - --------------------------------------------------------------------------------------------
19:50:41,532  INFO - --------==[ Preconditions ]==--------
19:50:41,532  INFO - --------==[ Step 1 ]==--------
19:50:54,656  INFO - --------==[ Step 2 ]==--------
19:50:54,765  INFO - Form 'My onlIner form' appears in 108msec
19:50:54,817  INFO - --------==[ Step 3 ]==--------
19:50:56,193  INFO - Button 'catalog' :: Clicking
19:50:56,498  INFO - Text Field 'search bar' :: Typing 'iPhone'
19:50:56,623  INFO - Button 'search bar button' :: Clicking
19:50:56,725  INFO - --------==[ Step 4 ]==--------
19:51:27,164  WARN - 
19:51:27,164  WARN - >>>>>>>> TEST FAILED <<<<<<<<
19:51:27,164  WARN - 
]]></system-out>
  </testcase>
  <testcase name="xTest" classname="demo.test.onlinerBaraholkaSearchTest" time="19.304"/>
  <testcase name="xTest" classname="demo.test.onlinerForumSearchTest" time="17.543"/>
  <testcase name="xTest" classname="demo.test.onlinerNewsSearchTest" time="22.002"/>
  <testcase name="xTest" classname="demo.test.onlinerMainLinksTest" time="61.569"/>
  <testcase name="xTest" classname="demo.test.onlinerBookmarksTest" time="25.821"/>
  <testcase name="xTest" classname="demo.test.onlinerCommentTest" time="19.804">
    <failure message="Error communicating with the remote browser. It may have died.&#10;Build info: version: &apos;2.42.2&apos;, revision: &apos;6a6995d31c7c56c340d6f45a76976d43506cd6cc&apos;, time: &apos;2014-06-03 10:52:47&apos;&#10;System info: host: &apos;comp-ПК&apos;, ip: &apos;192.168.1.44&apos;, os.name: &apos;Windows 7&apos;, os.arch: &apos;amd64&apos;, os.version: &apos;6.1&apos;, java.version: &apos;1.7.0_45&apos;&#10;Driver info: driver.version: RemoteWebDriver" type="org.openqa.selenium.remote.UnreachableBrowserException">org.openqa.selenium.remote.UnreachableBrowserException: Error communicating with the remote browser. It may have died.
Build info: version: '2.42.2', revision: '6a6995d31c7c56c340d6f45a76976d43506cd6cc', time: '2014-06-03 10:52:47'
System info: host: 'comp-ПК', ip: '192.168.1.44', os.name: 'Windows 7', os.arch: 'amd64', os.version: '6.1', java.version: '1.7.0_45'
Driver info: driver.version: RemoteWebDriver
	at java.net.DualStackPlainSocketImpl.waitForConnect(Native Method)
	at java.net.DualStackPlainSocketImpl.socketConnect(DualStackPlainSocketImpl.java:85)
	at java.net.AbstractPlainSocketImpl.doConnect(AbstractPlainSocketImpl.java:339)
	at java.net.AbstractPlainSocketImpl.connectToAddress(AbstractPlainSocketImpl.java:200)
	at java.net.AbstractPlainSocketImpl.connect(AbstractPlainSocketImpl.java:182)
	at java.net.PlainSocketImpl.connect(PlainSocketImpl.java:172)
	at java.net.SocksSocketImpl.connect(SocksSocketImpl.java:392)
	at java.net.Socket.connect(Socket.java:579)
	at org.apache.http.conn.scheme.PlainSocketFactory.connectSocket(PlainSocketFactory.java:117)
	at org.apache.http.impl.conn.DefaultClientConnectionOperator.openConnection(DefaultClientConnectionOperator.java:177)
	at org.apache.http.impl.conn.AbstractPoolEntry.open(AbstractPoolEntry.java:144)
	at org.apache.http.impl.conn.AbstractPooledConnAdapter.open(AbstractPooledConnAdapter.java:131)
	at org.apache.http.impl.client.DefaultRequestDirector.tryConnect(DefaultRequestDirector.java:610)
	at org.apache.http.impl.client.DefaultRequestDirector.execute(DefaultRequestDirector.java:445)
	at org.apache.http.impl.client.AbstractHttpClient.doExecute(AbstractHttpClient.java:863)
	at org.apache.http.impl.client.CloseableHttpClient.execute(CloseableHttpClient.java:72)
	at org.apache.http.impl.client.CloseableHttpClient.execute(CloseableHttpClient.java:57)
	at org.openqa.selenium.remote.HttpCommandExecutor.fallBackExecute(HttpCommandExecutor.java:319)
	at org.openqa.selenium.remote.HttpCommandExecutor.execute(HttpCommandExecutor.java:298)
	at org.openqa.selenium.firefox.internal.NewProfileExtensionConnection.execute(NewProfileExtensionConnection.java:165)
	at org.openqa.selenium.firefox.FirefoxDriver$LazyCommandExecutor.execute(FirefoxDriver.java:362)
	at org.openqa.selenium.remote.RemoteWebDriver.execute(RemoteWebDriver.java:527)
	at org.openqa.selenium.remote.RemoteWebDriver.execute(RemoteWebDriver.java:569)
	at org.openqa.selenium.remote.RemoteWebDriver.getCurrentUrl(RemoteWebDriver.java:291)
	at webdriver.Browser.getLocation(Browser.java:248)
	at demo.test.forms.onlinerMainForm.openPeople(onlinerMainForm.java:151)
	at demo.test.onlinerCommentTest.runTest(onlinerCommentTest.java:29)
</failure>
    <system-out><![CDATA[19:54:13,365  INFO - driver.quit...
19:54:17,658  INFO - browser driver was constructed
19:54:17,659  INFO - Browser 'firefox' ready...
19:54:17,706  INFO - --------------------------------------------------------------------------------------
19:54:17,706  INFO - =====================  Test case: 'demo.test.onlinerCommentTest' =====================
19:54:17,706  INFO - --------------------------------------------------------------------------------------
19:54:17,706  INFO - --------==[ Preconditions ]==--------
19:54:17,706  INFO - --------==[ Step 1 ]==--------
19:54:29,831  INFO - --------==[ Step 2 ]==--------
19:54:29,957  INFO - Form 'My onlIner form' appears in 125msec
19:54:30,052  INFO - Text Field 'Login box' :: Typing 'e.solovey'
19:54:30,235  INFO - Text Field 'password box' :: Clicking
19:54:30,437  INFO - Text Field 'Password box' :: Typing '123456'
19:54:30,561  INFO - Button 'Sign in' :: Clicking
19:54:33,883  INFO - --------==[ Step 3 ]==--------
19:54:33,963  INFO - Button 'peoples' :: Clicking
19:54:36,497  WARN - Page loading timed out
19:54:37,498  WARN - 
19:54:37,499  WARN - >>>>>>>> TEST FAILED <<<<<<<<
19:54:37,499  WARN - 
]]></system-out>
  </testcase>
  <testcase name="xTest" classname="demo.test.onlinerStatusTest" time="18.887"/>
  <testcase name="xTest" classname="demo.test.onlinerUserParameters" time="23.215"/>
</testsuite>